e:\git\duilib\duilib\temp\unicodedebug\duilib_ud.pch
e:\git\duilib\duilib\temp\unicodedebug\vc120.pdb
e:\git\duilib\duilib\temp\unicodedebug\vc120.idb
e:\git\duilib\duilib\temp\unicodedebug\stdafx.obj
e:\git\duilib\duilib\temp\unicodedebug\uichildlayout.obj
e:\git\duilib\duilib\temp\unicodedebug\uihorizontallayout.obj
e:\git\duilib\duilib\temp\unicodedebug\uitablayout.obj
e:\git\duilib\duilib\temp\unicodedebug\uitilelayout.obj
e:\git\duilib\duilib\temp\unicodedebug\uiverticallayout.obj
e:\git\duilib\duilib\temp\unicodedebug\uiactivex.obj
e:\git\duilib\duilib\temp\unicodedebug\uibutton.obj
e:\git\duilib\duilib\temp\unicodedebug\uicombo.obj
e:\git\duilib\duilib\temp\unicodedebug\uicombobox.obj
e:\git\duilib\duilib\temp\unicodedebug\uidatetime.obj
e:\git\duilib\duilib\temp\unicodedebug\uiedit.obj
e:\git\duilib\duilib\temp\unicodedebug\uilabel.obj
e:\git\duilib\duilib\temp\unicodedebug\uioption.obj
e:\git\duilib\duilib\temp\unicodedebug\uiprogress.obj
e:\git\duilib\duilib\temp\unicodedebug\uirichedit.obj
e:\git\duilib\duilib\temp\unicodedebug\uiscrollbar.obj
e:\git\duilib\duilib\temp\unicodedebug\uislider.obj
e:\git\duilib\duilib\temp\unicodedebug\uitext.obj
e:\git\duilib\duilib\temp\unicodedebug\uitreeview.obj
e:\git\duilib\duilib\temp\unicodedebug\uiwebbrowser.obj
e:\git\duilib\duilib\temp\unicodedebug\uimenu.obj
e:\git\duilib\duilib\temp\unicodedebug\uiring.obj
e:\git\duilib\duilib\temp\unicodedebug\controlfactory.obj
e:\git\duilib\duilib\temp\unicodedebug\uiresourcemanager.obj
e:\git\duilib\duilib\temp\unicodedebug\uianimationtablayout.obj
e:\git\duilib\duilib\temp\unicodedebug\uilib.obj
e:\git\duilib\duilib\temp\unicodedebug\dpi.obj
e:\git\duilib\duilib\temp\unicodedebug\dragdropimpl.obj
e:\git\duilib\duilib\temp\unicodedebug\trayicon.obj
e:\git\duilib\duilib\temp\unicodedebug\uishadow.obj
e:\git\duilib\duilib\temp\unicodedebug\winimplbase.obj
e:\git\duilib\duilib\temp\unicodedebug\uidelegate.obj
e:\git\duilib\duilib\temp\unicodedebug\utils.obj
e:\git\duilib\duilib\temp\unicodedebug\uibase.obj
e:\git\duilib\duilib\temp\unicodedebug\uicontainer.obj
e:\git\duilib\duilib\temp\unicodedebug\uicontrol.obj
e:\git\duilib\duilib\temp\unicodedebug\uidlgbuilder.obj
e:\git\duilib\duilib\temp\unicodedebug\uimanager.obj
e:\git\duilib\duilib\temp\unicodedebug\uimarkup.obj
e:\git\duilib\duilib\temp\unicodedebug\uirender.obj
e:\git\duilib\duilib\temp\unicodedebug\uicheckbox.obj
e:\git\duilib\duilib\temp\unicodedebug\uiflash.obj
e:\git\duilib\duilib\temp\unicodedebug\uiipaddressex.obj
e:\git\duilib\duilib\temp\unicodedebug\uilist.obj
e:\git\duilib\duilib\temp\unicodedebug\uirolltext.obj
e:\git\duilib\duilib\temp\unicodedebug\uianimation.obj
e:\git\duilib\duilib\temp\unicodedebug\uicolorpalette.obj
e:\git\duilib\duilib\temp\unicodedebug\uifadebutton.obj
e:\git\duilib\duilib\temp\unicodedebug\uigifanim.obj
e:\git\duilib\duilib\temp\unicodedebug\uigifanimex.obj
e:\git\duilib\duilib\temp\unicodedebug\uigroupbox.obj
e:\git\duilib\duilib\temp\unicodedebug\uihotkey.obj
e:\git\duilib\duilib\temp\unicodedebug\uiipaddress.obj
e:\git\duilib\duilib\temp\unicodedebug\uilistex.obj
e:\git\duilib\duilib\temp\unicodedebug\unzip.obj
e:\git\duilib\duilib\lib\duilib_ud.lib
e:\git\duilib\duilib\lib\duilib_ud.exp
e:\git\duilib\duilib\bin\duilib_ud.dll
e:\git\duilib\duilib\bin\duilib_ud.pdb
e:\git\duilib\duilib\temp\unicodedebug\duilib.tlog\cl.command.1.tlog
e:\git\duilib\duilib\temp\unicodedebug\duilib.tlog\cl.read.1.tlog
e:\git\duilib\duilib\temp\unicodedebug\duilib.tlog\cl.write.1.tlog
e:\git\duilib\duilib\temp\unicodedebug\duilib.tlog\duilib.write.1u.tlog
e:\git\duilib\duilib\temp\unicodedebug\duilib.tlog\link.command.1.tlog
e:\git\duilib\duilib\temp\unicodedebug\duilib.tlog\link.read.1.tlog
e:\git\duilib\duilib\temp\unicodedebug\duilib.tlog\link.write.1.tlog
