e:\git\duilib\duilib\temp\debug\duilib_d.pch
e:\git\duilib\duilib\temp\debug\vc120.pdb
e:\git\duilib\duilib\temp\debug\vc120.idb
e:\git\duilib\duilib\temp\debug\stdafx.obj
e:\git\duilib\duilib\temp\debug\uichildlayout.obj
e:\git\duilib\duilib\temp\debug\uihorizontallayout.obj
e:\git\duilib\duilib\temp\debug\uitablayout.obj
e:\git\duilib\duilib\temp\debug\uitilelayout.obj
e:\git\duilib\duilib\temp\debug\uiverticallayout.obj
e:\git\duilib\duilib\temp\debug\uiactivex.obj
e:\git\duilib\duilib\temp\debug\uibutton.obj
e:\git\duilib\duilib\temp\debug\uicombo.obj
e:\git\duilib\duilib\temp\debug\uicombobox.obj
e:\git\duilib\duilib\temp\debug\uidatetime.obj
e:\git\duilib\duilib\temp\debug\uiedit.obj
e:\git\duilib\duilib\temp\debug\uilabel.obj
e:\git\duilib\duilib\temp\debug\uioption.obj
e:\git\duilib\duilib\temp\debug\uiprogress.obj
e:\git\duilib\duilib\temp\debug\uirichedit.obj
e:\git\duilib\duilib\temp\debug\uiscrollbar.obj
e:\git\duilib\duilib\temp\debug\uislider.obj
e:\git\duilib\duilib\temp\debug\uitext.obj
e:\git\duilib\duilib\temp\debug\uitreeview.obj
e:\git\duilib\duilib\temp\debug\uiwebbrowser.obj
e:\git\duilib\duilib\temp\debug\uimenu.obj
e:\git\duilib\duilib\temp\debug\uiring.obj
e:\git\duilib\duilib\temp\debug\controlfactory.obj
e:\git\duilib\duilib\temp\debug\uiresourcemanager.obj
e:\git\duilib\duilib\temp\debug\uianimationtablayout.obj
e:\git\duilib\duilib\temp\debug\uilib.obj
e:\git\duilib\duilib\temp\debug\dpi.obj
e:\git\duilib\duilib\temp\debug\dragdropimpl.obj
e:\git\duilib\duilib\temp\debug\trayicon.obj
e:\git\duilib\duilib\temp\debug\uishadow.obj
e:\git\duilib\duilib\temp\debug\winimplbase.obj
e:\git\duilib\duilib\temp\debug\uidelegate.obj
e:\git\duilib\duilib\temp\debug\utils.obj
e:\git\duilib\duilib\temp\debug\uibase.obj
e:\git\duilib\duilib\temp\debug\uicontainer.obj
e:\git\duilib\duilib\temp\debug\uicontrol.obj
e:\git\duilib\duilib\temp\debug\uidlgbuilder.obj
e:\git\duilib\duilib\temp\debug\uimanager.obj
e:\git\duilib\duilib\temp\debug\uimarkup.obj
e:\git\duilib\duilib\temp\debug\uirender.obj
e:\git\duilib\duilib\temp\debug\uicheckbox.obj
e:\git\duilib\duilib\temp\debug\uiflash.obj
e:\git\duilib\duilib\temp\debug\uiipaddressex.obj
e:\git\duilib\duilib\temp\debug\uilist.obj
e:\git\duilib\duilib\temp\debug\uirolltext.obj
e:\git\duilib\duilib\temp\debug\uianimation.obj
e:\git\duilib\duilib\temp\debug\uicolorpalette.obj
e:\git\duilib\duilib\temp\debug\uifadebutton.obj
e:\git\duilib\duilib\temp\debug\uigifanim.obj
e:\git\duilib\duilib\temp\debug\uigifanimex.obj
e:\git\duilib\duilib\temp\debug\uigroupbox.obj
e:\git\duilib\duilib\temp\debug\uihotkey.obj
e:\git\duilib\duilib\temp\debug\uiipaddress.obj
e:\git\duilib\duilib\temp\debug\uilistex.obj
e:\git\duilib\duilib\temp\debug\unzip.obj
e:\git\duilib\duilib\lib\duilib_d.lib
e:\git\duilib\duilib\lib\duilib_d.exp
e:\git\duilib\duilib\bin\duilib_d.dll
e:\git\duilib\duilib\bin\duilib_d.pdb
e:\git\duilib\duilib\temp\debug\duilib.tlog\cl.command.1.tlog
e:\git\duilib\duilib\temp\debug\duilib.tlog\cl.read.1.tlog
e:\git\duilib\duilib\temp\debug\duilib.tlog\cl.write.1.tlog
e:\git\duilib\duilib\temp\debug\duilib.tlog\duilib.write.1u.tlog
e:\git\duilib\duilib\temp\debug\duilib.tlog\link.command.1.tlog
e:\git\duilib\duilib\temp\debug\duilib.tlog\link.read.1.tlog
e:\git\duilib\duilib\temp\debug\duilib.tlog\link.write.1.tlog
