e:\git\duilib\example\controldemo\controldemo\debug\controldemo.pch
e:\git\duilib\example\controldemo\controldemo\debug\vc120.pdb
e:\git\duilib\example\controldemo\controldemo\debug\vc120.idb
e:\git\duilib\example\controldemo\controldemo\debug\stdafx.obj
e:\git\duilib\example\controldemo\controldemo\debug\controldemo.obj
e:\git\duilib\example\controldemo\controldemo\debug\controlexui.obj
e:\git\duilib\example\controldemo\controldemo\debug\pageactivex.obj
e:\git\duilib\example\controldemo\controldemo\debug\pagecontrol.obj
e:\git\duilib\example\controldemo\controldemo\debug\pageextand.obj
e:\git\duilib\example\controldemo\controldemo\debug\pageredraw.obj
e:\git\duilib\example\controldemo\controldemo\debug\pagesenior.obj
e:\git\duilib\example\controldemo\controldemo\debug\popframe.obj
e:\git\duilib\example\controldemo\controldemo\debug\skinframe.obj
e:\git\duilib\example\controldemo\controldemo\debug\main.obj
e:\git\duilib\example\controldemo\debug\controldemo.ilk
e:\git\duilib\example\controldemo\debug\controldemo.exe
e:\git\duilib\example\controldemo\debug\controldemo.pdb
e:\git\duilib\example\controldemo\controldemo\debug\controldemo.res
e:\git\duilib\example\controldemo\controldemo\..\debug\controldemo.exe
e:\git\duilib\example\controldemo\controldemo\debug\controldemo.tlog\cl.command.1.tlog
e:\git\duilib\example\controldemo\controldemo\debug\controldemo.tlog\cl.read.1.tlog
e:\git\duilib\example\controldemo\controldemo\debug\controldemo.tlog\cl.write.1.tlog
e:\git\duilib\example\controldemo\controldemo\debug\controldemo.tlog\link.command.1.tlog
e:\git\duilib\example\controldemo\controldemo\debug\controldemo.tlog\link.read.1.tlog
e:\git\duilib\example\controldemo\controldemo\debug\controldemo.tlog\link.write.1.tlog
e:\git\duilib\example\controldemo\controldemo\debug\controldemo.tlog\rc.command.1.tlog
e:\git\duilib\example\controldemo\controldemo\debug\controldemo.tlog\rc.read.1.tlog
e:\git\duilib\example\controldemo\controldemo\debug\controldemo.tlog\rc.write.1.tlog
