生成启动时间为 2020/12/12 1:23:19。
     1>项目“E:\git\Duilib\Example\ControlDemo\ControlDemo\ControlDemo.vcxproj”在节点 2 上(Build 个目标)。
     1>C:\Program Files (x86)\MSBuild\Microsoft.Cpp\v4.0\V120\Microsoft.CppBuild.targets(357,5): warning MSB8004: Output Directory does not end with a trailing slash.  This build instance will add the slash as it is required to allow proper evaluation of the Output Directory.
     1>Link:
         E:\vs2013\VC\bin\link.exe /ERRORREPORT:PROMPT /OUT:"..\Release\ControlDemo.exe" /INCREMENTAL:NO /NOLOGO kernel32.lib user32.lib gdi32.lib winspool.lib comdlg32.lib advapi32.lib shell32.lib ole32.lib oleaut32.lib uuid.lib odbc32.lib odbccp32.lib /MANIFEST /MANIFESTUAC:"level='asInvoker' uiAccess='false'" /manifest:embed /DEBUG /PDB:"..\Release\ControlDemo.pdb" /SUBSYSTEM:WINDOWS /OPT:REF /OPT:ICF /LTCG /TLBID:1 /DYNAMICBASE /NXCOMPAT /IMPLIB:"..\Release\ControlDemo.lib" /MACHINE:X86 /SAFESEH Release\ControlDemo.res
         Release\ControlDemo.obj
         Release\main.obj
         Release\PageActiveX.obj
         Release\PageControl.obj
         Release\PageExtand.obj
         Release\PageSenior.obj
         Release\PopFrame.obj
         Release\SkinFrame.obj
         Release\stdafx.obj
         正在生成代码
         已完成代码的生成
         ControlDemo.vcxproj -> E:\git\Duilib\Example\ControlDemo\ControlDemo\..\Release\ControlDemo.exe
     1>已完成生成项目“E:\git\Duilib\Example\ControlDemo\ControlDemo\ControlDemo.vcxproj”(Build 个目标)的操作。

生成成功。

已用时间 00:00:01.88
